SF:/Users/antoine/Fibonacci/src/Leonardo/Fibonacci.cs
FN:5,System.Int32 Leonardo.Fibonacci::Run(System.Int32)
FNDA:5,System.Int32 Leonardo.Fibonacci::Run(System.Int32)
DA:6,5
DA:7,5
DA:8,4
DA:9,4
DA:12,1
DA:13,5
BRDA:7,10,0,4
BRDA:7,10,1,1
FN:22,System.Int32 Leonardo.Fibonacci/<>c__DisplayClass1_0::<RunAsync>b__0()
FNDA:3,System.Int32 Leonardo.Fibonacci/<>c__DisplayClass1_0::<RunAsync>b__0()
DA:23,3
DA:24,3
DA:25,3
DA:26,6
FN:15,System.Void Leonardo.Fibonacci/<RunAsync>d__1::MoveNext()
FNDA:1,System.Void Leonardo.Fibonacci/<RunAsync>d__1::MoveNext()
DA:16,1
DA:17,1
DA:19,1
DA:20,9
DA:21,3
DA:22,3
DA:27,3
DA:28,3
DA:30,9
DA:31,3
DA:32,3
DA:34,3
DA:35,3
DA:36,3
DA:38,1
DA:39,1
BRDA:20,187,1,3
BRDA:20,187,0,1
BRDA:30,450,1,3
BRDA:30,450,0,1
LF:26
LH:26
BRF:6
BRH:6
FNF:3
FNH:3
end_of_record
SF:/Users/antoine/Fibonacci/src/Demo/Program.cs
FN:2,System.Void Program::<Main>$(System.String[])
FNDA:0,System.Void Program::<Main>$(System.String[])
DA:3,0
DA:4,0
DA:5,0
LF:3
LH:0
BRF:0
BRH:0
FNF:1
FNH:0
end_of_record